<?xml version="1.0" encoding="UTF-8"?>
<!-- Generated by org.testng.reporters.JUnitXMLReporter -->
<testsuite ignored="0" hostname="LAPTOP-8EFH3UPD" failures="0" tests="3" name="Default test" time="50.09" errors="0" timestamp="2023-12-13T12:51:03 PST">
  <testcase classname="com.amazon.testngFrameworl.MainPage_AllTest" name="all_BEstSellersTest" time="8.269"/>
  <testcase classname="com.amazon.testngFrameworl.MainPage_AllTest" name="clickAll" time="15.011"/>
  <testcase classname="com.amazon.testngFrameworl.MainPage_AllTest" name="searchTest" time="4.811"/>
</testsuite> <!-- Default test -->
