<?xml version="1.0" encoding="UTF-8"?>
<!-- Generated by org.testng.reporters.JUnitXMLReporter -->
<testsuite ignored="0" hostname="LAPTOP-8EFH3UPD" failures="1" tests="6" name="RetryMultipleFailedTestCases" time="91.861" errors="0" timestamp="2023-12-13T14:02:47 PST">
  <testcase classname="com.amazon.testngFrameworl.MainPage_AllTest" name="all_BEstSellersTest" time="7.821"/>
  <testcase classname="com.amazon.testngFrameworl.MainPage_AllTest" name="clickAll" time="8.567">
    <skipped/>
  </testcase> <!-- clickAll -->
  <testcase classname="com.amazon.testngFrameworl.MainPage_AllTest" name="clickAll" time="8.675">
    <skipped/>
  </testcase> <!-- clickAll -->
  <testcase classname="com.amazon.testngFrameworl.MainPage_AllTest" name="clickAll" time="8.605">
    <skipped/>
  </testcase> <!-- clickAll -->
  <testcase classname="com.amazon.testngFrameworl.MainPage_AllTest" name="clickAll" time="8.681">
    <failure type="java.lang.AssertionError" message="expected [MAIN MENUu] but found [MAIN MENU]">
      <![CDATA[java.lang.AssertionError: expected [MAIN MENUu] but found [MAIN MENU]
at com.amazon.testngFrameworl.MainPage_AllTest.clickAll(MainPage_AllTest.java:79)
at java.base/java.util.ArrayList.forEach(ArrayList.java:1541)
... Removed 33 stack frames]]>
    </failure>
  </testcase> <!-- clickAll -->
  <testcase classname="com.amazon.testngFrameworl.MainPage_AllTest" name="searchTest" time="4.667"/>
</testsuite> <!-- RetryMultipleFailedTestCases -->
